Analysis & Synthesis report for mpsis_shokiri_2
Sat Nov 21 14:28:32 2020
Quartus II 64-Bit Version 13.0.1 Build 232 06/12/2013 Service Pack 1 SJ Web Edition


---------------------
; Table of Contents ;
---------------------
  1. Legal Notice
  2. Analysis & Synthesis Summary
  3. Analysis & Synthesis Settings
  4. Parallel Compilation
  5. Analysis & Synthesis Source Files Read
  6. Analysis & Synthesis Resource Usage Summary
  7. Analysis & Synthesis Resource Utilization by Entity
  8. Registers Removed During Synthesis
  9. General Register Statistics
 10. Multiplexer Restructuring Statistics (Restructuring Performed)
 11. Elapsed Time Per Partition
 12. Analysis & Synthesis Messages
 13. Analysis & Synthesis Suppressed Messages



----------------
; Legal Notice ;
----------------
Copyright (C) 1991-2013 Altera Corporation
Your use of Altera Corporation's design tools, logic functions 
and other software and tools, and its AMPP partner logic 
functions, and any output files from any of the foregoing 
(including device programming or simulation files), and any 
associated documentation or information are expressly subject 
to the terms and conditions of the Altera Program License 
Subscription Agreement, Altera MegaCore Function License 
Agreement, or other applicable license agreement, including, 
without limitation, that your use is for the sole purpose of 
programming logic devices manufactured by Altera and sold by 
Altera or its authorized distributors.  Please refer to the 
applicable agreement for further details.



+--------------------------------------------------------------------------------------+
; Analysis & Synthesis Summary                                                         ;
+------------------------------------+-------------------------------------------------+
; Analysis & Synthesis Status        ; Successful - Sat Nov 21 14:28:32 2020           ;
; Quartus II 64-Bit Version          ; 13.0.1 Build 232 06/12/2013 SP 1 SJ Web Edition ;
; Revision Name                      ; mpsis_shokiri_2                                 ;
; Top-level Entity Name              ; MCD                                             ;
; Family                             ; Cyclone II                                      ;
; Total logic elements               ; 130                                             ;
;     Total combinational functions  ; 98                                              ;
;     Dedicated logic registers      ; 60                                              ;
; Total registers                    ; 60                                              ;
; Total pins                         ; 17                                              ;
; Total virtual pins                 ; 0                                               ;
; Total memory bits                  ; 0                                               ;
; Embedded Multiplier 9-bit elements ; 0                                               ;
; Total PLLs                         ; 0                                               ;
+------------------------------------+-------------------------------------------------+


+----------------------------------------------------------------------------------------------------------------------+
; Analysis & Synthesis Settings                                                                                        ;
+----------------------------------------------------------------------------+--------------------+--------------------+
; Option                                                                     ; Setting            ; Default Value      ;
+----------------------------------------------------------------------------+--------------------+--------------------+
; Device                                                                     ; EP2C20F484C7       ;                    ;
; Top-level entity name                                                      ; MCD                ; mpsis_shokiri_2    ;
; Family name                                                                ; Cyclone II         ; Cyclone IV GX      ;
; Use smart compilation                                                      ; Off                ; Off                ;
; Enable parallel Assembler and TimeQuest Timing Analyzer during compilation ; On                 ; On                 ;
; Enable compact report table                                                ; Off                ; Off                ;
; Restructure Multiplexers                                                   ; Auto               ; Auto               ;
; Create Debugging Nodes for IP Cores                                        ; Off                ; Off                ;
; Preserve fewer node names                                                  ; On                 ; On                 ;
; Disable OpenCore Plus hardware evaluation                                  ; Off                ; Off                ;
; Verilog Version                                                            ; Verilog_2001       ; Verilog_2001       ;
; VHDL Version                                                               ; VHDL_1993          ; VHDL_1993          ;
; State Machine Processing                                                   ; Auto               ; Auto               ;
; Safe State Machine                                                         ; Off                ; Off                ;
; Extract Verilog State Machines                                             ; On                 ; On                 ;
; Extract VHDL State Machines                                                ; On                 ; On                 ;
; Ignore Verilog initial constructs                                          ; Off                ; Off                ;
; Iteration limit for constant Verilog loops                                 ; 5000               ; 5000               ;
; Iteration limit for non-constant Verilog loops                             ; 250                ; 250                ;
; Add Pass-Through Logic to Inferred RAMs                                    ; On                 ; On                 ;
; Infer RAMs from Raw Logic                                                  ; On                 ; On                 ;
; Parallel Synthesis                                                         ; On                 ; On                 ;
; DSP Block Balancing                                                        ; Auto               ; Auto               ;
; NOT Gate Push-Back                                                         ; On                 ; On                 ;
; Power-Up Don't Care                                                        ; On                 ; On                 ;
; Remove Redundant Logic Cells                                               ; Off                ; Off                ;
; Remove Duplicate Registers                                                 ; On                 ; On                 ;
; Ignore CARRY Buffers                                                       ; Off                ; Off                ;
; Ignore CASCADE Buffers                                                     ; Off                ; Off                ;
; Ignore GLOBAL Buffers                                                      ; Off                ; Off                ;
; Ignore ROW GLOBAL Buffers                                                  ; Off                ; Off                ;
; Ignore LCELL Buffers                                                       ; Off                ; Off                ;
; Ignore SOFT Buffers                                                        ; On                 ; On                 ;
; Limit AHDL Integers to 32 Bits                                             ; Off                ; Off                ;
; Optimization Technique                                                     ; Balanced           ; Balanced           ;
; Carry Chain Length                                                         ; 70                 ; 70                 ;
; Auto Carry Chains                                                          ; On                 ; On                 ;
; Auto Open-Drain Pins                                                       ; On                 ; On                 ;
; Perform WYSIWYG Primitive Resynthesis                                      ; Off                ; Off                ;
; Auto ROM Replacement                                                       ; On                 ; On                 ;
; Auto RAM Replacement                                                       ; On                 ; On                 ;
; Auto Shift Register Replacement                                            ; Auto               ; Auto               ;
; Allow Shift Register Merging across Hierarchies                            ; Auto               ; Auto               ;
; Auto Clock Enable Replacement                                              ; On                 ; On                 ;
; Strict RAM Replacement                                                     ; Off                ; Off                ;
; Allow Synchronous Control Signals                                          ; On                 ; On                 ;
; Force Use of Synchronous Clear Signals                                     ; Off                ; Off                ;
; Auto RAM to Logic Cell Conversion                                          ; Off                ; Off                ;
; Auto Resource Sharing                                                      ; Off                ; Off                ;
; Allow Any RAM Size For Recognition                                         ; Off                ; Off                ;
; Allow Any ROM Size For Recognition                                         ; Off                ; Off                ;
; Allow Any Shift Register Size For Recognition                              ; Off                ; Off                ;
; Use LogicLock Constraints during Resource Balancing                        ; On                 ; On                 ;
; Ignore translate_off and synthesis_off directives                          ; Off                ; Off                ;
; Timing-Driven Synthesis                                                    ; Off                ; Off                ;
; Report Parameter Settings                                                  ; On                 ; On                 ;
; Report Source Assignments                                                  ; On                 ; On                 ;
; Report Connectivity Checks                                                 ; On                 ; On                 ;
; Ignore Maximum Fan-Out Assignments                                         ; Off                ; Off                ;
; Synchronization Register Chain Length                                      ; 2                  ; 2                  ;
; PowerPlay Power Optimization                                               ; Normal compilation ; Normal compilation ;
; HDL message level                                                          ; Level2             ; Level2             ;
; Suppress Register Optimization Related Messages                            ; Off                ; Off                ;
; Number of Removed Registers Reported in Synthesis Report                   ; 5000               ; 5000               ;
; Number of Swept Nodes Reported in Synthesis Report                         ; 5000               ; 5000               ;
; Number of Inverted Registers Reported in Synthesis Report                  ; 100                ; 100                ;
; Clock MUX Protection                                                       ; On                 ; On                 ;
; Auto Gated Clock Conversion                                                ; Off                ; Off                ;
; Block Design Naming                                                        ; Auto               ; Auto               ;
; SDC constraint protection                                                  ; Off                ; Off                ;
; Synthesis Effort                                                           ; Auto               ; Auto               ;
; Shift Register Replacement - Allow Asynchronous Clear Signal               ; On                 ; On                 ;
; Pre-Mapping Resynthesis Optimization                                       ; Off                ; Off                ;
; Analysis & Synthesis Message Level                                         ; Medium             ; Medium             ;
; Disable Register Merging Across Hierarchies                                ; Auto               ; Auto               ;
; Resource Aware Inference For Block RAM                                     ; On                 ; On                 ;
; Synthesis Seed                                                             ; 1                  ; 1                  ;
+----------------------------------------------------------------------------+--------------------+--------------------+


Parallel compilation was disabled, but you have multiple processors available. Enable parallel compilation to reduce compilation time.
+-------------------------------------+
; Parallel Compilation                ;
+----------------------------+--------+
; Processors                 ; Number ;
+----------------------------+--------+
; Number detected on machine ; 4      ;
; Maximum allowed            ; 1      ;
+----------------------------+--------+


+-----------------------------------------------------------------------------------------------------------------------------------------+
; Analysis & Synthesis Source Files Read                                                                                                  ;
+----------------------------------+-----------------+------------------------------------+-------------------------------------+---------+
; File Name with User-Entered Path ; Used in Netlist ; File Type                          ; File Name with Absolute Path        ; Library ;
+----------------------------------+-----------------+------------------------------------+-------------------------------------+---------+
; SM.v                             ; yes             ; User Verilog HDL File              ; D:/MIET/AMSiS/SM.v                  ;         ;
; FCU.v                            ; yes             ; User Verilog HDL File              ; D:/MIET/AMSiS/FCU.v                 ;         ;
; ALU_ParallelCarry.bdf            ; yes             ; User Block Diagram/Schematic File  ; D:/MIET/AMSiS/ALU_ParallelCarry.bdf ;         ;
; RALU.v                           ; yes             ; User Verilog HDL File              ; D:/MIET/AMSiS/RALU.v                ;         ;
; MCD.bdf                          ; yes             ; User Block Diagram/Schematic File  ; D:/MIET/AMSiS/MCD.bdf               ;         ;
; ControlUnit.v                    ; yes             ; User Verilog HDL File              ; D:/MIET/AMSiS/ControlUnit.v         ;         ;
; FAP.bdf                          ; yes             ; User Block Diagram/Schematic File  ; D:/MIET/AMSiS/FAP.bdf               ;         ;
; prog2.bin                        ; yes             ; Auto-Found Unspecified File        ; D:/MIET/AMSiS/prog2.bin             ;         ;
+----------------------------------+-----------------+------------------------------------+-------------------------------------+---------+


+-----------------------------------------------------+
; Analysis & Synthesis Resource Usage Summary         ;
+---------------------------------------------+-------+
; Resource                                    ; Usage ;
+---------------------------------------------+-------+
; Estimated Total logic elements              ; 130   ;
;                                             ;       ;
; Total combinational functions               ; 98    ;
; Logic element usage by number of LUT inputs ;       ;
;     -- 4 input functions                    ; 71    ;
;     -- 3 input functions                    ; 16    ;
;     -- <=2 input functions                  ; 11    ;
;                                             ;       ;
; Logic elements by mode                      ;       ;
;     -- normal mode                          ; 93    ;
;     -- arithmetic mode                      ; 5     ;
;                                             ;       ;
; Total registers                             ; 60    ;
;     -- Dedicated logic registers            ; 60    ;
;     -- I/O registers                        ; 0     ;
;                                             ;       ;
; I/O pins                                    ; 17    ;
; Embedded Multiplier 9-bit elements          ; 0     ;
; Maximum fan-out node                        ; clk   ;
; Maximum fan-out                             ; 60    ;
; Total fan-out                               ; 591   ;
; Average fan-out                             ; 3.38  ;
+---------------------------------------------+-------+


+-----------------------------------------------------------------------------------------------------------------------------------------------------------------------------------------------------------+
; Analysis & Synthesis Resource Utilization by Entity                                                                                                                                                       ;
+-------------------------------+-------------------+--------------+-------------+--------------+---------+-----------+------+--------------+------------------------------------------------+--------------+
; Compilation Hierarchy Node    ; LC Combinationals ; LC Registers ; Memory Bits ; DSP Elements ; DSP 9x9 ; DSP 18x18 ; Pins ; Virtual Pins ; Full Hierarchy Name                            ; Library Name ;
+-------------------------------+-------------------+--------------+-------------+--------------+---------+-----------+------+--------------+------------------------------------------------+--------------+
; |MCD                          ; 98 (0)            ; 60 (0)       ; 0           ; 0            ; 0       ; 0         ; 17   ; 0            ; |MCD                                           ; work         ;
;    |ControlUnit:inst|         ; 49 (49)           ; 18 (18)      ; 0           ; 0            ; 0       ; 0         ; 0    ; 0            ; |MCD|ControlUnit:inst                          ; work         ;
;    |FAP:inst2|                ; 2 (2)             ; 2 (2)        ; 0           ; 0            ; 0       ; 0         ; 0    ; 0            ; |MCD|FAP:inst2                                 ; work         ;
;    |RALU:inst4|               ; 47 (28)           ; 40 (40)      ; 0           ; 0            ; 0       ; 0         ; 0    ; 0            ; |MCD|RALU:inst4                                ; work         ;
;       |ALU_ParallelCarry:ALU| ; 19 (0)            ; 0 (0)        ; 0           ; 0            ; 0       ; 0         ; 0    ; 0            ; |MCD|RALU:inst4|ALU_ParallelCarry:ALU          ; work         ;
;          |FCU:inst|           ; 3 (3)             ; 0 (0)        ; 0           ; 0            ; 0       ; 0         ; 0    ; 0            ; |MCD|RALU:inst4|ALU_ParallelCarry:ALU|FCU:inst ; work         ;
;          |SM:inst1|           ; 3 (3)             ; 0 (0)        ; 0           ; 0            ; 0       ; 0         ; 0    ; 0            ; |MCD|RALU:inst4|ALU_ParallelCarry:ALU|SM:inst1 ; work         ;
;          |SM:inst2|           ; 5 (5)             ; 0 (0)        ; 0           ; 0            ; 0       ; 0         ; 0    ; 0            ; |MCD|RALU:inst4|ALU_ParallelCarry:ALU|SM:inst2 ; work         ;
;          |SM:inst3|           ; 4 (4)             ; 0 (0)        ; 0           ; 0            ; 0       ; 0         ; 0    ; 0            ; |MCD|RALU:inst4|ALU_ParallelCarry:ALU|SM:inst3 ; work         ;
;          |SM:inst4|           ; 4 (4)             ; 0 (0)        ; 0           ; 0            ; 0       ; 0         ; 0    ; 0            ; |MCD|RALU:inst4|ALU_ParallelCarry:ALU|SM:inst4 ; work         ;
+-------------------------------+-------------------+--------------+-------------+--------------+---------+-----------+------+--------------+------------------------------------------------+--------------+
Note: For table entries with two numbers listed, the numbers in parentheses indicate the number of resources of the given type used by the specific entity alone. The numbers listed outside of parentheses indicate the total resources of the given type used by the specific entity and all of its sub-entities in the hierarchy.


+---------------------------------------------------------------------------------------+
; Registers Removed During Synthesis                                                    ;
+---------------------------------------+-----------------------------------------------+
; Register name                         ; Reason for Removal                            ;
+---------------------------------------+-----------------------------------------------+
; ControlUnit:inst|ControlBus_o[3,9,10] ; Stuck at GND due to stuck port data_in        ;
; ControlUnit:inst|ControlBus_o[16]     ; Merged with ControlUnit:inst|ControlBus_o[13] ;
; ControlUnit:inst|ControlBus_o[1]      ; Merged with ControlUnit:inst|ControlBus_o[2]  ;
; Total Number of Removed Registers = 5 ;                                               ;
+---------------------------------------+-----------------------------------------------+


+------------------------------------------------------+
; General Register Statistics                          ;
+----------------------------------------------+-------+
; Statistic                                    ; Value ;
+----------------------------------------------+-------+
; Total registers                              ; 60    ;
; Number of registers using Synchronous Clear  ; 0     ;
; Number of registers using Synchronous Load   ; 4     ;
; Number of registers using Asynchronous Clear ; 48    ;
; Number of registers using Asynchronous Load  ; 0     ;
; Number of registers using Clock Enable       ; 52    ;
; Number of registers using Preset             ; 0     ;
+----------------------------------------------+-------+


+--------------------------------------------------------------------------------------------------------------------------------------------------+
; Multiplexer Restructuring Statistics (Restructuring Performed)                                                                                   ;
+--------------------+-----------+---------------+----------------------+------------------------+------------+------------------------------------+
; Multiplexer Inputs ; Bus Width ; Baseline Area ; Area if Restructured ; Saving if Restructured ; Registered ; Example Multiplexer Output         ;
+--------------------+-----------+---------------+----------------------+------------------------+------------+------------------------------------+
; 4:1                ; 2 bits    ; 4 LEs         ; 4 LEs                ; 0 LEs                  ; Yes        ; |MCD|RALU:inst4|RgB[2]             ;
; 3:1                ; 5 bits    ; 10 LEs        ; 5 LEs                ; 5 LEs                  ; Yes        ; |MCD|ControlUnit:inst|p_counter[0] ;
; 8:1                ; 4 bits    ; 20 LEs        ; 20 LEs               ; 0 LEs                  ; No         ; |MCD|RALU:inst4|Mux0               ;
+--------------------+-----------+---------------+----------------------+------------------------+------------+------------------------------------+


+-------------------------------+
; Elapsed Time Per Partition    ;
+----------------+--------------+
; Partition Name ; Elapsed Time ;
+----------------+--------------+
; Top            ; 00:00:00     ;
+----------------+--------------+


+-------------------------------+
; Analysis & Synthesis Messages ;
+-------------------------------+
Info: *******************************************************************
Info: Running Quartus II 64-Bit Analysis & Synthesis
    Info: Version 13.0.1 Build 232 06/12/2013 Service Pack 1 SJ Web Edition
    Info: Processing started: Sat Nov 21 14:28:31 2020
Info: Command: quartus_map --read_settings_files=on --write_settings_files=off mpsis_shokiri_2 -c mpsis_shokiri_2
Warning (20028): Parallel compilation is not licensed and has been disabled
Info (12021): Found 1 design units, including 1 entities, in source file sm.v
    Info (12023): Found entity 1: SM
Info (12021): Found 1 design units, including 1 entities, in source file alu_serialcarry.bdf
    Info (12023): Found entity 1: ALU_SerialCarry
Info (12021): Found 1 design units, including 1 entities, in source file fcu.v
    Info (12023): Found entity 1: FCU
Info (12021): Found 1 design units, including 1 entities, in source file alu_parallelcarry.bdf
    Info (12023): Found entity 1: ALU_ParallelCarry
Info (12021): Found 1 design units, including 1 entities, in source file ralu.v
    Info (12023): Found entity 1: RALU
Info (12021): Found 1 design units, including 1 entities, in source file mcd.bdf
    Info (12023): Found entity 1: MCD
Info (12021): Found 1 design units, including 1 entities, in source file controlunit.v
    Info (12023): Found entity 1: ControlUnit
Info (12021): Found 1 design units, including 1 entities, in source file fap.bdf
    Info (12023): Found entity 1: FAP
Info (12127): Elaborating entity "MCD" for the top level hierarchy
Info (12128): Elaborating entity "FAP" for hierarchy "FAP:inst2"
Info (12128): Elaborating entity "RALU" for hierarchy "RALU:inst4"
Warning (10240): Verilog HDL Always Construct warning at RALU.v(78): inferring latch(es) for variable "i", which holds its previous value in one or more paths through the always construct
Info (12128): Elaborating entity "ALU_ParallelCarry" for hierarchy "RALU:inst4|ALU_ParallelCarry:ALU"
Info (12128): Elaborating entity "FCU" for hierarchy "RALU:inst4|ALU_ParallelCarry:ALU|FCU:inst"
Info (12128): Elaborating entity "SM" for hierarchy "RALU:inst4|ALU_ParallelCarry:ALU|SM:inst1"
Info (12128): Elaborating entity "ControlUnit" for hierarchy "ControlUnit:inst"
Warning (10850): Verilog HDL warning at ControlUnit.v(23): number of words (21) in memory file does not match the number of elements in the address range [0:63]
Warning (10230): Verilog HDL assignment warning at ControlUnit.v(43): truncated value with size 32 to match size of target (6)
Warning (10199): Verilog HDL Case Statement warning at ControlUnit.v(44): case item expression never matches the case expression
Warning (10199): Verilog HDL Case Statement warning at ControlUnit.v(49): case item expression never matches the case expression
Warning (10199): Verilog HDL Case Statement warning at ControlUnit.v(54): case item expression never matches the case expression
Warning (10199): Verilog HDL Case Statement warning at ControlUnit.v(59): case item expression never matches the case expression
Warning (10199): Verilog HDL Case Statement warning at ControlUnit.v(64): case item expression never matches the case expression
Warning (10199): Verilog HDL Case Statement warning at ControlUnit.v(69): case item expression never matches the case expression
Warning (10230): Verilog HDL assignment warning at ControlUnit.v(73): truncated value with size 32 to match size of target (6)
Warning (10030): Net "ROM.data_a" at ControlUnit.v(20) has no driver or initial value, using a default initial value '0'
Warning (10030): Net "ROM.waddr_a" at ControlUnit.v(20) has no driver or initial value, using a default initial value '0'
Warning (10030): Net "ROM.we_a" at ControlUnit.v(20) has no driver or initial value, using a default initial value '0'
Warning (127007): Memory Initialization File or Hexadecimal (Intel-Format) File "D:/MIET/AMSiS/db/mpsis_shokiri_2.ram0_ControlUnit_3556cbc7.hdl.mif" contains "don't care" values -- overwriting them with 0s
Warning (13024): Output pins are stuck at VCC or GND
    Warning (13410): Pin "PortWrite" is stuck at GND
Info (144001): Generated suppressed messages file D:/MIET/AMSiS/output_files/mpsis_shokiri_2.map.smsg
Info (16010): Generating hard_block partition "hard_block:auto_generated_inst"
    Info (16011): Adding 0 node(s), including 0 DDIO, 0 PLL, 0 transceiver and 0 LCELL
Info (21057): Implemented 155 device resources after synthesis - the final resource count might be different
    Info (21058): Implemented 6 input pins
    Info (21059): Implemented 11 output pins
    Info (21061): Implemented 138 logic cells
Info: Quartus II 64-Bit Analysis & Synthesis was successful. 0 errors, 17 warnings
    Info: Peak virtual memory: 454 megabytes
    Info: Processing ended: Sat Nov 21 14:28:32 2020
    Info: Elapsed time: 00:00:01
    Info: Total CPU time (on all processors): 00:00:01


+------------------------------------------+
; Analysis & Synthesis Suppressed Messages ;
+------------------------------------------+
The suppressed messages can be found in D:/MIET/AMSiS/output_files/mpsis_shokiri_2.map.smsg.


