Flow report for mpsis_shokiri_2
Sat Nov 21 14:34:04 2020
Quartus II 64-Bit Version 13.0.1 Build 232 06/12/2013 Service Pack 1 SJ Web Edition


---------------------
; Table of Contents ;
---------------------
  1. Legal Notice
  2. Flow Summary
  3. Flow Settings
  4. Flow Non-Default Global Settings
  5. Flow Elapsed Time
  6. Flow OS Summary
  7. Flow Log
  8. Flow Messages
  9. Flow Suppressed Messages



----------------
; Legal Notice ;
----------------
Copyright (C) 1991-2013 Altera Corporation
Your use of Altera Corporation's design tools, logic functions 
and other software and tools, and its AMPP partner logic 
functions, and any output files from any of the foregoing 
(including device programming or simulation files), and any 
associated documentation or information are expressly subject 
to the terms and conditions of the Altera Program License 
Subscription Agreement, Altera MegaCore Function License 
Agreement, or other applicable license agreement, including, 
without limitation, that your use is for the sole purpose of 
programming logic devices manufactured by Altera and sold by 
Altera or its authorized distributors.  Please refer to the 
applicable agreement for further details.



+--------------------------------------------------------------------------------------+
; Flow Summary                                                                         ;
+------------------------------------+-------------------------------------------------+
; Flow Status                        ; Successful - Sat Nov 21 14:34:04 2020           ;
; Quartus II 64-Bit Version          ; 13.0.1 Build 232 06/12/2013 SP 1 SJ Web Edition ;
; Revision Name                      ; mpsis_shokiri_2                                 ;
; Top-level Entity Name              ; MCD                                             ;
; Family                             ; Cyclone II                                      ;
; Device                             ; EP2C20F484C7                                    ;
; Timing Models                      ; Final                                           ;
; Total logic elements               ; 122 / 18,752 ( < 1 % )                          ;
;     Total combinational functions  ; 98 / 18,752 ( < 1 % )                           ;
;     Dedicated logic registers      ; 60 / 18,752 ( < 1 % )                           ;
; Total registers                    ; 60                                              ;
; Total pins                         ; 17 / 315 ( 5 % )                                ;
; Total virtual pins                 ; 0                                               ;
; Total memory bits                  ; 0 / 239,616 ( 0 % )                             ;
; Embedded Multiplier 9-bit elements ; 0 / 52 ( 0 % )                                  ;
; Total PLLs                         ; 0 / 4 ( 0 % )                                   ;
+------------------------------------+-------------------------------------------------+


+-----------------------------------------+
; Flow Settings                           ;
+-------------------+---------------------+
; Option            ; Setting             ;
+-------------------+---------------------+
; Start date & time ; 11/21/2020 14:28:32 ;
; Main task         ; Compilation         ;
; Revision Name     ; mpsis_shokiri_2     ;
+-------------------+---------------------+


+------------------------------------------------------------------------------------------------------------------------+
; Flow Non-Default Global Settings                                                                                       ;
+-------------------------------------+---------------------------------+-----------------+-------------+----------------+
; Assignment Name                     ; Value                           ; Default Value   ; Entity Name ; Section Id     ;
+-------------------------------------+---------------------------------+-----------------+-------------+----------------+
; COMPILER_SIGNATURE_ID               ; 213410582536721.160595811107316 ; --              ; --          ; --             ;
; EDA_GENERATE_FUNCTIONAL_NETLIST     ; On                              ; --              ; --          ; eda_simulation ;
; EDA_OUTPUT_DATA_FORMAT              ; Verilog Hdl                     ; --              ; --          ; eda_simulation ;
; EDA_SIMULATION_TOOL                 ; ModelSim-Altera (Verilog)       ; <None>          ; --          ; --             ;
; MAX_CORE_JUNCTION_TEMP              ; 85                              ; --              ; --          ; --             ;
; MIN_CORE_JUNCTION_TEMP              ; 0                               ; --              ; --          ; --             ;
; PARTITION_COLOR                     ; 16764057                        ; --              ; MCD         ; Top            ;
; PARTITION_FITTER_PRESERVATION_LEVEL ; PLACEMENT_AND_ROUTING           ; --              ; MCD         ; Top            ;
; PARTITION_NETLIST_TYPE              ; SOURCE                          ; --              ; MCD         ; Top            ;
; PROJECT_OUTPUT_DIRECTORY            ; output_files                    ; --              ; --          ; --             ;
; TOP_LEVEL_ENTITY                    ; MCD                             ; mpsis_shokiri_2 ; --          ; --             ;
+-------------------------------------+---------------------------------+-----------------+-------------+----------------+


+-------------------------------------------------------------------------------------------------------------------------------+
; Flow Elapsed Time                                                                                                             ;
+---------------------------+--------------+-------------------------+---------------------+------------------------------------+
; Module Name               ; Elapsed Time ; Average Processors Used ; Peak Virtual Memory ; Total CPU Time (on all processors) ;
+---------------------------+--------------+-------------------------+---------------------+------------------------------------+
; Analysis & Synthesis      ; 00:00:01     ; 1.0                     ; 444 MB              ; 00:00:01                           ;
; Fitter                    ; 00:00:05     ; 1.0                     ; 631 MB              ; 00:00:05                           ;
; Assembler                 ; 00:00:01     ; 1.0                     ; 412 MB              ; 00:00:02                           ;
; TimeQuest Timing Analyzer ; 00:00:01     ; 1.0                     ; 395 MB              ; 00:00:01                           ;
; EDA Netlist Writer        ; 00:00:00     ; 1.0                     ; 378 MB              ; 00:00:00                           ;
; EDA Netlist Writer        ; 00:00:01     ; 1.0                     ; 386 MB              ; 00:00:00                           ;
; EDA Netlist Writer        ; 00:00:01     ; 1.0                     ; 386 MB              ; 00:00:01                           ;
; EDA Netlist Writer        ; 00:00:01     ; 1.0                     ; 386 MB              ; 00:00:00                           ;
; EDA Netlist Writer        ; 00:00:00     ; 1.0                     ; 386 MB              ; 00:00:01                           ;
; Total                     ; 00:00:11     ; --                      ; --                  ; 00:00:11                           ;
+---------------------------+--------------+-------------------------+---------------------+------------------------------------+


+----------------------------------------------------------------------------------------+
; Flow OS Summary                                                                        ;
+---------------------------+------------------+-----------+------------+----------------+
; Module Name               ; Machine Hostname ; OS Name   ; OS Version ; Processor type ;
+---------------------------+------------------+-----------+------------+----------------+
; Analysis & Synthesis      ; Lipkoffsky-PC    ; Windows 7 ; 6.1        ; x86_64         ;
; Fitter                    ; Lipkoffsky-PC    ; Windows 7 ; 6.1        ; x86_64         ;
; Assembler                 ; Lipkoffsky-PC    ; Windows 7 ; 6.1        ; x86_64         ;
; TimeQuest Timing Analyzer ; Lipkoffsky-PC    ; Windows 7 ; 6.1        ; x86_64         ;
; EDA Netlist Writer        ; Lipkoffsky-PC    ; Windows 7 ; 6.1        ; x86_64         ;
; EDA Netlist Writer        ; Lipkoffsky-PC    ; Windows 7 ; 6.1        ; x86_64         ;
; EDA Netlist Writer        ; Lipkoffsky-PC    ; Windows 7 ; 6.1        ; x86_64         ;
; EDA Netlist Writer        ; Lipkoffsky-PC    ; Windows 7 ; 6.1        ; x86_64         ;
; EDA Netlist Writer        ; Lipkoffsky-PC    ; Windows 7 ; 6.1        ; x86_64         ;
+---------------------------+------------------+-----------+------------+----------------+


------------
; Flow Log ;
------------
quartus_map --read_settings_files=on --write_settings_files=off mpsis_shokiri_2 -c mpsis_shokiri_2
quartus_fit --read_settings_files=off --write_settings_files=off mpsis_shokiri_2 -c mpsis_shokiri_2
quartus_asm --read_settings_files=off --write_settings_files=off mpsis_shokiri_2 -c mpsis_shokiri_2
quartus_sta mpsis_shokiri_2 -c mpsis_shokiri_2
quartus_eda --read_settings_files=off --write_settings_files=off mpsis_shokiri_2 -c mpsis_shokiri_2
quartus_eda --gen_testbench --check_outputs=on --tool=modelsim_oem --format=verilog mpsis_shokiri_2 -c mpsis_shokiri_2 --vector_source=D:/MIET/AMSiS/prog1.vwf --testbench_file=./simulation/qsim/mpsis_shokiri_2.vt
quartus_eda --functional=on --simulation=on --tool=modelsim_oem --format=verilog mpsis_shokiri_2 -c mpsis_shokiri_2
quartus_eda --gen_testbench --check_outputs=on --tool=modelsim_oem --format=verilog mpsis_shokiri_2 -c mpsis_shokiri_2 --vector_source=D:/MIET/AMSiS/prog1.vwf --testbench_file=./simulation/qsim/mpsis_shokiri_2.vt
quartus_eda --functional=on --simulation=on --tool=modelsim_oem --format=verilog mpsis_shokiri_2 -c mpsis_shokiri_2



